apk/manifest-merger-release-report.txt
-- Merging decision tree log ---
manifest
ADDED from AndroidManifest.xml:1:1
	package
		ADDED from AndroidManifest.xml:2:5
		INJECTED from AndroidManifest.xml:0:0
		INJECTED from AndroidManifest.xml:0:0
	android:versionName
		ADDED from AndroidManifest.xml:4:5
	android:versionCode
		ADDED from AndroidManifest.xml:3:5
		INJECTED from AndroidManifest.xml:0:0
		INJECTED from AndroidManifest.xml:0:0
	xmlns:android
		ADDED from AndroidManifest.xml:1:11
uses-sdk
ADDED from AndroidManifest.xml:6:5
MERGED from com.android.support:appcompat-v7:19.1.0:18:5
	android:targetSdkVersion
		ADDED from AndroidManifest.xml:8:9
		INJECTED from AndroidManifest.xml:0:0
		INJECTED from AndroidManifest.xml:0:0
	android:minSdkVersion
		ADDED from AndroidManifest.xml:7:9
		INJECTED from AndroidManifest.xml:0:0
		INJECTED from AndroidManifest.xml:0:0
uses-permission#android.permission.INTERNET
ADDED from AndroidManifest.xml:11:5
	android:name
		ADDED from AndroidManifest.xml:11:22
application
ADDED from AndroidManifest.xml:13:5
MERGED from com.android.support:appcompat-v7:19.1.0:19:5
	android:label
		ADDED from AndroidManifest.xml:16:9
	android:allowBackup
		ADDED from AndroidManifest.xml:14:9
	android:icon
		ADDED from AndroidManifest.xml:15:9
	android:theme
		ADDED from AndroidManifest.xml:17:9
activity#org.dmb.trueprice.Login
ADDED from AndroidManifest.xml:19:9
	android:label
		ADDED from AndroidManifest.xml:21:13
	android:name
		ADDED from AndroidManifest.xml:20:13
meta-data#android.support.PARENT_ACTIVITY
ADDED from AndroidManifest.xml:22:13
	android:value
		ADDED from AndroidManifest.xml:24:17
	android:name
		ADDED from AndroidManifest.xml:23:17
activity#org.dmb.trueprice.ChooseCatgActivity
ADDED from AndroidManifest.xml:28:9
	android:label
		ADDED from AndroidManifest.xml:30:13
	android:name
		ADDED from AndroidManifest.xml:29:13
activity#org.dmb.trueprice.MenuHandler
ADDED from AndroidManifest.xml:54:9
	android:label
		ADDED from AndroidManifest.xml:56:13
	android:name
		ADDED from AndroidManifest.xml:55:13
activity#org.dmb.trueprice.MenuHandlerActionBarCompatAdapter
ADDED from AndroidManifest.xml:63:9
	android:label
		ADDED from AndroidManifest.xml:65:13
	android:name
		ADDED from AndroidManifest.xml:64:13
activity#org.dmb.trueprice.RunListe
ADDED from AndroidManifest.xml:74:9
	android:label
		ADDED from AndroidManifest.xml:76:10
	android:name
		ADDED from AndroidManifest.xml:75:10
activity#org.dmb.trueprice.Launcher
ADDED from AndroidManifest.xml:95:9
	android:label
		ADDED from AndroidManifest.xml:97:13
	android:name
		ADDED from AndroidManifest.xml:96:13
intent-filter#android.intent.action.MAIN+android.intent.category.LAUNCHER
ADDED from AndroidManifest.xml:99:13
action#android.intent.action.MAIN
ADDED from AndroidManifest.xml:100:17
	android:name
		ADDED from AndroidManifest.xml:100:25
category#android.intent.category.LAUNCHER
ADDED from AndroidManifest.xml:102:17
	android:name
		ADDED from AndroidManifest.xml:102:27
activity#org.dmb.trueprice.RunListeStart
ADDED from AndroidManifest.xml:107:9
	android:label
		ADDED from AndroidManifest.xml:109:10
	android:name
		ADDED from AndroidManifest.xml:108:10
activity#org.dmb.trueprice.RunListeStop
ADDED from AndroidManifest.xml:117:9
	android:label
		ADDED from AndroidManifest.xml:119:10
	android:name
		ADDED from AndroidManifest.xml:118:10
activity#org.dmb.trueprice.RunPdtInit
ADDED from AndroidManifest.xml:126:9
	android:label
		ADDED from AndroidManifest.xml:128:10
	android:name
		ADDED from AndroidManifest.xml:127:10
activity#org.dmb.trueprice.RunPdtExpect
ADDED from AndroidManifest.xml:136:9
	android:label
		ADDED from AndroidManifest.xml:138:10
	android:name
		ADDED from AndroidManifest.xml:137:10
activity#org.dmb.trueprice.RunPdtFinal
ADDED from AndroidManifest.xml:147:9
	android:label
		ADDED from AndroidManifest.xml:149:10
	android:name
		ADDED from AndroidManifest.xml:148:10
activity#org.dmb.trueprice.RunPdtCalc
ADDED from AndroidManifest.xml:157:9
	android:label
		ADDED from AndroidManifest.xml:159:10
	android:name
		ADDED from AndroidManifest.xml:158:10
activity#org.dmb.trueprice.RunStop
ADDED from AndroidManifest.xml:167:9
	android:label
		ADDED from AndroidManifest.xml:169:10
	android:name
		ADDED from AndroidManifest.xml:168:10
activity#org.dmb.trueprice.RunProduit
ADDED from AndroidManifest.xml:178:9
	android:label
		ADDED from AndroidManifest.xml:180:10
	android:name
		ADDED from AndroidManifest.xml:179:10
activity#org.dmb.trueprice.Sync
ADDED from AndroidManifest.xml:189:9
	android:label
		ADDED from AndroidManifest.xml:191:10
	android:name
		ADDED from AndroidManifest.xml:190:10